UNet(
  (inc): inconv(
    (conv): double_conv(
      (conv): Sequential(
        (0): Conv2d(3, 64, kernel_size=(3, 3), stride=(1, 1), padding=(1, 1))
        (1): BatchNorm2d(64, eps=1e-05, momentum=0.1, affine=True, track_running_stats=True)
        (2): ReLU(inplace)
        (3): Conv2d(64, 64, kernel_size=(3, 3), stride=(1, 1), padding=(1, 1))
        (4): BatchNorm2d(64, eps=1e-05, momentum=0.1, affine=True, track_running_stats=True)
        (5): ReLU(inplace)
      )
    )
  )
  (down1): down(
    (mpconv): Sequential(
      (0): MaxPool2d(kernel_size=2, stride=2, padding=0, dilation=1, ceil_mode=False)
      (1): double_conv(
        (conv): Sequential(
          (0): Conv2d(64, 128, kernel_size=(3, 3), stride=(1, 1), padding=(1, 1))
          (1): BatchNorm2d(128, eps=1e-05, momentum=0.1, affine=True, track_running_stats=True)
          (2): ReLU(inplace)
          (3): Conv2d(128, 128, kernel_size=(3, 3), stride=(1, 1), padding=(1, 1))
          (4): BatchNorm2d(128, eps=1e-05, momentum=0.1, affine=True, track_running_stats=True)
          (5): ReLU(inplace)
        )
      )
    )
  )
  (down2): down(
    (mpconv): Sequential(
      (0): MaxPool2d(kernel_size=2, stride=2, padding=0, dilation=1, ceil_mode=False)
      (1): double_conv(
        (conv): Sequential(
          (0): Conv2d(128, 256, kernel_size=(3, 3), stride=(1, 1), padding=(1, 1))
          (1): BatchNorm2d(256, eps=1e-05, momentum=0.1, affine=True, track_running_stats=True)
          (2): ReLU(inplace)
          (3): Conv2d(256, 256, kernel_size=(3, 3), stride=(1, 1), padding=(1, 1))
          (4): BatchNorm2d(256, eps=1e-05, momentum=0.1, affine=True, track_running_stats=True)
          (5): ReLU(inplace)
        )
      )
    )
  )
  (down3): down(
    (mpconv): Sequential(
      (0): MaxPool2d(kernel_size=2, stride=2, padding=0, dilation=1, ceil_mode=False)
      (1): double_conv(
        (conv): Sequential(
          (0): Conv2d(256, 512, kernel_size=(3, 3), stride=(1, 1), padding=(1, 1))
          (1): BatchNorm2d(512, eps=1e-05, momentum=0.1, affine=True, track_running_stats=True)
          (2): ReLU(inplace)
          (3): Conv2d(512, 512, kernel_size=(3, 3), stride=(1, 1), padding=(1, 1))
          (4): BatchNorm2d(512, eps=1e-05, momentum=0.1, affine=True, track_running_stats=True)
          (5): ReLU(inplace)
        )
      )
    )
  )
  (down4): down(
    (mpconv): Sequential(
      (0): MaxPool2d(kernel_size=2, stride=2, padding=0, dilation=1, ceil_mode=False)
      (1): double_conv(
        (conv): Sequential(
          (0): Conv2d(512, 512, kernel_size=(3, 3), stride=(1, 1), padding=(1, 1))
          (1): BatchNorm2d(512, eps=1e-05, momentum=0.1, affine=True, track_running_stats=True)
          (2): ReLU(inplace)
          (3): Conv2d(512, 512, kernel_size=(3, 3), stride=(1, 1), padding=(1, 1))
          (4): BatchNorm2d(512, eps=1e-05, momentum=0.1, affine=True, track_running_stats=True)
          (5): ReLU(inplace)
        )
      )
    )
  )
  (up1): up(
    (up): Upsample(scale_factor=2.0, mode=bilinear)
    (conv): double_conv(
      (conv): Sequential(
        (0): Conv2d(1024, 256, kernel_size=(3, 3), stride=(1, 1), padding=(1, 1))
        (1): BatchNorm2d(256, eps=1e-05, momentum=0.1, affine=True, track_running_stats=True)
        (2): ReLU(inplace)
        (3): Conv2d(256, 256, kernel_size=(3, 3), stride=(1, 1), padding=(1, 1))
        (4): BatchNorm2d(256, eps=1e-05, momentum=0.1, affine=True, track_running_stats=True)
        (5): ReLU(inplace)
      )
    )
  )
  (up2): up(
    (up): Upsample(scale_factor=2.0, mode=bilinear)
    (conv): double_conv(
      (conv): Sequential(
        (0): Conv2d(512, 128, kernel_size=(3, 3), stride=(1, 1), padding=(1, 1))
        (1): BatchNorm2d(128, eps=1e-05, momentum=0.1, affine=True, track_running_stats=True)
        (2): ReLU(inplace)
        (3): Conv2d(128, 128, kernel_size=(3, 3), stride=(1, 1), padding=(1, 1))
        (4): BatchNorm2d(128, eps=1e-05, momentum=0.1, affine=True, track_running_stats=True)
        (5): ReLU(inplace)
      )
    )
  )
  (up3): up(
    (up): Upsample(scale_factor=2.0, mode=bilinear)
    (conv): double_conv(
      (conv): Sequential(
        (0): Conv2d(256, 64, kernel_size=(3, 3), stride=(1, 1), padding=(1, 1))
        (1): BatchNorm2d(64, eps=1e-05, momentum=0.1, affine=True, track_running_stats=True)
        (2): ReLU(inplace)
        (3): Conv2d(64, 64, kernel_size=(3, 3), stride=(1, 1), padding=(1, 1))
        (4): BatchNorm2d(64, eps=1e-05, momentum=0.1, affine=True, track_running_stats=True)
        (5): ReLU(inplace)
      )
    )
  )
  (up4): up(
    (up): Upsample(scale_factor=2.0, mode=bilinear)
    (conv): double_conv(
      (conv): Sequential(
        (0): Conv2d(128, 64, kernel_size=(3, 3), stride=(1, 1), padding=(1, 1))
        (1): BatchNorm2d(64, eps=1e-05, momentum=0.1, affine=True, track_running_stats=True)
        (2): ReLU(inplace)
        (3): Conv2d(64, 64, kernel_size=(3, 3), stride=(1, 1), padding=(1, 1))
        (4): BatchNorm2d(64, eps=1e-05, momentum=0.1, affine=True, track_running_stats=True)
        (5): ReLU(inplace)
      )
    )
  )
  (outc): outconv(
    (conv): Conv2d(64, 6, kernel_size=(1, 1), stride=(1, 1))
  )
)
Model isn't found, train the network from begining.
Epoch:[0]===Step:[0/400]===Time:[11.23]===Learning Rate:0.0001
Train_loss:[1.7667]]
0
1
2
3
4
5
6
7
8
9
10
11
12
13
14
15
Epoch:[0]===Step:[1/400]===Time:[20.53]===Learning Rate:0.0001
Train_loss:[1.7577]]
Epoch:[0]===Step:[2/400]===Time:[20.92]===Learning Rate:0.0001
Train_loss:[1.7520]]
Epoch:[0]===Step:[3/400]===Time:[21.44]===Learning Rate:0.0001
Train_loss:[1.7467]]
Epoch:[0]===Step:[4/400]===Time:[21.96]===Learning Rate:0.0001
Train_loss:[1.7412]]
Epoch:[0]===Step:[5/400]===Time:[22.49]===Learning Rate:0.0001
Train_loss:[1.7351]]
Epoch:[0]===Step:[6/400]===Time:[23.01]===Learning Rate:0.0001
Train_loss:[1.7319]]
Epoch:[0]===Step:[7/400]===Time:[23.53]===Learning Rate:0.0001
Train_loss:[1.7289]]
Epoch:[0]===Step:[8/400]===Time:[24.07]===Learning Rate:0.0001
Train_loss:[1.7238]]
Epoch:[0]===Step:[9/400]===Time:[24.59]===Learning Rate:0.0001
Train_loss:[1.7211]]
Epoch:[0]===Step:[10/400]===Time:[25.11]===Learning Rate:0.0001
Train_loss:[1.7166]]
Epoch:[0]===Step:[11/400]===Time:[25.64]===Learning Rate:0.0001
Train_loss:[1.7129]]
Epoch:[0]===Step:[12/400]===Time:[26.16]===Learning Rate:0.0001
Train_loss:[1.7097]]
Epoch:[0]===Step:[13/400]===Time:[26.68]===Learning Rate:0.0001
Train_loss:[1.7073]]
Epoch:[0]===Step:[14/400]===Time:[27.21]===Learning Rate:0.0001
Train_loss:[1.7043]]
Epoch:[0]===Step:[15/400]===Time:[27.73]===Learning Rate:0.0001
Train_loss:[1.7022]]
Epoch:[0]===Step:[16/400]===Time:[28.25]===Learning Rate:0.0001
Train_loss:[1.6994]]
Epoch:[0]===Step:[17/400]===Time:[28.77]===Learning Rate:0.0001
Train_loss:[1.6949]]
Epoch:[0]===Step:[18/400]===Time:[29.30]===Learning Rate:0.0001
Train_loss:[1.6944]]
Epoch:[0]===Step:[19/400]===Time:[29.83]===Learning Rate:0.0001
Train_loss:[1.6950]]
Epoch:[0]===Step:[20/400]===Time:[30.35]===Learning Rate:0.0001
Train_loss:[1.6916]]
Epoch:[0]===Step:[21/400]===Time:[30.87]===Learning Rate:0.0001
Train_loss:[1.6894]]
Epoch:[0]===Step:[22/400]===Time:[31.39]===Learning Rate:0.0001
Train_loss:[1.6863]]
Epoch:[0]===Step:[23/400]===Time:[31.92]===Learning Rate:0.0001
Train_loss:[1.6856]]
Epoch:[0]===Step:[24/400]===Time:[32.45]===Learning Rate:0.0001
Train_loss:[1.6822]]
Epoch:[0]===Step:[25/400]===Time:[32.97]===Learning Rate:0.0001
Train_loss:[1.6813]]
Epoch:[0]===Step:[26/400]===Time:[33.50]===Learning Rate:0.0001
Train_loss:[1.6802]]
Epoch:[0]===Step:[27/400]===Time:[34.02]===Learning Rate:0.0001
Train_loss:[1.6774]]
Epoch:[0]===Step:[28/400]===Time:[34.55]===Learning Rate:0.0001
Train_loss:[1.6760]]
Epoch:[0]===Step:[29/400]===Time:[35.08]===Learning Rate:0.0001
Train_loss:[1.6761]]
Epoch:[0]===Step:[30/400]===Time:[35.62]===Learning Rate:0.0001
Train_loss:[1.6709]]
Epoch:[0]===Step:[31/400]===Time:[36.15]===Learning Rate:0.0001
Train_loss:[1.6700]]
Epoch:[0]===Step:[32/400]===Time:[36.67]===Learning Rate:0.0001
Train_loss:[1.6686]]
Epoch:[0]===Step:[33/400]===Time:[37.19]===Learning Rate:0.0001
Train_loss:[1.6681]]
Epoch:[0]===Step:[34/400]===Time:[37.72]===Learning Rate:0.0001
Train_loss:[1.6642]]
Epoch:[0]===Step:[35/400]===Time:[38.24]===Learning Rate:0.0001
Train_loss:[1.6651]]
Epoch:[0]===Step:[36/400]===Time:[38.77]===Learning Rate:0.0001
Train_loss:[1.6623]]
Epoch:[0]===Step:[37/400]===Time:[39.30]===Learning Rate:0.0001
Train_loss:[1.6625]]
Epoch:[0]===Step:[38/400]===Time:[39.83]===Learning Rate:0.0001
Train_loss:[1.6636]]
Epoch:[0]===Step:[39/400]===Time:[40.35]===Learning Rate:0.0001
Train_loss:[1.6607]]
Epoch:[0]===Step:[40/400]===Time:[40.89]===Learning Rate:0.0001
Train_loss:[1.6579]]
Epoch:[0]===Step:[41/400]===Time:[41.41]===Learning Rate:0.0001
Train_loss:[1.6550]]
Epoch:[0]===Step:[42/400]===Time:[41.93]===Learning Rate:0.0001
Train_loss:[1.6535]]
Epoch:[0]===Step:[43/400]===Time:[42.46]===Learning Rate:0.0001
Train_loss:[1.6523]]
Epoch:[0]===Step:[44/400]===Time:[43.00]===Learning Rate:0.0001
Train_loss:[1.6527]]
Epoch:[0]===Step:[45/400]===Time:[43.52]===Learning Rate:0.0001
Train_loss:[1.6497]]
Epoch:[0]===Step:[46/400]===Time:[44.04]===Learning Rate:0.0001
Train_loss:[1.6490]]
Epoch:[0]===Step:[47/400]===Time:[44.58]===Learning Rate:0.0001
Train_loss:[1.6487]]
Epoch:[0]===Step:[48/400]===Time:[45.10]===Learning Rate:0.0001
Train_loss:[1.6488]]
Epoch:[0]===Step:[49/400]===Time:[45.63]===Learning Rate:0.0001
Train_loss:[1.6475]]
Epoch:[0]===Step:[50/400]===Time:[46.16]===Learning Rate:0.0001
Train_loss:[1.6446]]
Epoch:[0]===Step:[51/400]===Time:[46.70]===Learning Rate:0.0001
Train_loss:[1.6439]]
Epoch:[0]===Step:[52/400]===Time:[47.21]===Learning Rate:0.0001
Train_loss:[1.6430]]
Epoch:[0]===Step:[53/400]===Time:[47.74]===Learning Rate:0.0001
Train_loss:[1.6397]]
Epoch:[0]===Step:[54/400]===Time:[48.27]===Learning Rate:0.0001
Train_loss:[1.6413]]
Epoch:[0]===Step:[55/400]===Time:[48.80]===Learning Rate:0.0001
Train_loss:[1.6403]]
Epoch:[0]===Step:[56/400]===Time:[49.33]===Learning Rate:0.0001
Train_loss:[1.6372]]
Epoch:[0]===Step:[57/400]===Time:[49.86]===Learning Rate:0.0001
Train_loss:[1.6407]]
Epoch:[0]===Step:[58/400]===Time:[50.38]===Learning Rate:0.0001
Train_loss:[1.6370]]
Epoch:[0]===Step:[59/400]===Time:[50.92]===Learning Rate:0.0001
Train_loss:[1.6368]]
Epoch:[0]===Step:[60/400]===Time:[51.44]===Learning Rate:0.0001
Train_loss:[1.6360]]
Epoch:[0]===Step:[61/400]===Time:[51.97]===Learning Rate:0.0001
Train_loss:[1.6351]]
Epoch:[0]===Step:[62/400]===Time:[52.49]===Learning Rate:0.0001
Train_loss:[1.6355]]
Epoch:[0]===Step:[63/400]===Time:[53.03]===Learning Rate:0.0001
Train_loss:[1.6320]]
Epoch:[0]===Step:[64/400]===Time:[53.55]===Learning Rate:0.0001
Train_loss:[1.6294]]
Epoch:[0]===Step:[65/400]===Time:[54.08]===Learning Rate:0.0001
Train_loss:[1.6298]]
Epoch:[0]===Step:[66/400]===Time:[54.61]===Learning Rate:0.0001
Train_loss:[1.6339]]
Epoch:[0]===Step:[67/400]===Time:[55.14]===Learning Rate:0.0001
Train_loss:[1.6272]]
Epoch:[0]===Step:[68/400]===Time:[55.67]===Learning Rate:0.0001
Train_loss:[1.6310]]
Epoch:[0]===Step:[69/400]===Time:[56.20]===Learning Rate:0.0001
Train_loss:[1.6253]]
Epoch:[0]===Step:[70/400]===Time:[56.73]===Learning Rate:0.0001
Train_loss:[1.6277]]
Epoch:[0]===Step:[71/400]===Time:[57.26]===Learning Rate:0.0001
Train_loss:[1.6301]]
Epoch:[0]===Step:[72/400]===Time:[57.79]===Learning Rate:0.0001
Train_loss:[1.6274]]
Epoch:[0]===Step:[73/400]===Time:[58.32]===Learning Rate:0.0001
Train_loss:[1.6233]]
Epoch:[0]===Step:[74/400]===Time:[58.86]===Learning Rate:0.0001
Train_loss:[1.6231]]
Epoch:[0]===Step:[75/400]===Time:[59.39]===Learning Rate:0.0001
Train_loss:[1.6225]]
Epoch:[0]===Step:[76/400]===Time:[59.92]===Learning Rate:0.0001
Train_loss:[1.6218]]
Epoch:[0]===Step:[77/400]===Time:[60.45]===Learning Rate:0.0001
Train_loss:[1.6200]]
Epoch:[0]===Step:[78/400]===Time:[60.98]===Learning Rate:0.0001
Train_loss:[1.6173]]
Epoch:[0]===Step:[79/400]===Time:[61.51]===Learning Rate:0.0001
Train_loss:[1.6219]]
Epoch:[0]===Step:[80/400]===Time:[62.05]===Learning Rate:0.0001
Train_loss:[1.6160]]
Epoch:[0]===Step:[81/400]===Time:[62.58]===Learning Rate:0.0001
Train_loss:[1.6167]]
Epoch:[0]===Step:[82/400]===Time:[63.10]===Learning Rate:0.0001
Train_loss:[1.6175]]
Epoch:[0]===Step:[83/400]===Time:[63.64]===Learning Rate:0.0001
Train_loss:[1.6207]]
Epoch:[0]===Step:[84/400]===Time:[64.17]===Learning Rate:0.0001
Train_loss:[1.6168]]
Epoch:[0]===Step:[85/400]===Time:[64.70]===Learning Rate:0.0001
Train_loss:[1.6175]]
Epoch:[0]===Step:[86/400]===Time:[65.24]===Learning Rate:0.0001
Train_loss:[1.6120]]
Epoch:[0]===Step:[87/400]===Time:[65.77]===Learning Rate:0.0001
Train_loss:[1.6168]]
Epoch:[0]===Step:[88/400]===Time:[66.30]===Learning Rate:0.0001
Train_loss:[1.6135]]
Epoch:[0]===Step:[89/400]===Time:[66.84]===Learning Rate:0.0001
Train_loss:[1.6143]]
Epoch:[0]===Step:[90/400]===Time:[67.36]===Learning Rate:0.0001
Train_loss:[1.6131]]
Epoch:[0]===Step:[91/400]===Time:[67.90]===Learning Rate:0.0001
Train_loss:[1.6099]]
Epoch:[0]===Step:[92/400]===Time:[68.43]===Learning Rate:0.0001
Train_loss:[1.6091]]
Epoch:[0]===Step:[93/400]===Time:[68.96]===Learning Rate:0.0001
Train_loss:[1.6107]]
Epoch:[0]===Step:[94/400]===Time:[69.50]===Learning Rate:0.0001
Train_loss:[1.6090]]
Epoch:[0]===Step:[95/400]===Time:[70.03]===Learning Rate:0.0001
Train_loss:[1.6087]]
Epoch:[0]===Step:[96/400]===Time:[70.56]===Learning Rate:0.0001
Train_loss:[1.6098]]
Epoch:[0]===Step:[97/400]===Time:[71.10]===Learning Rate:0.0001
Train_loss:[1.6062]]
Epoch:[0]===Step:[98/400]===Time:[71.64]===Learning Rate:0.0001
Train_loss:[1.6073]]
Epoch:[0]===Step:[99/400]===Time:[72.16]===Learning Rate:0.0001
Train_loss:[1.6079]]
Epoch:[0]===Step:[100/400]===Time:[72.70]===Learning Rate:0.0001
Train_loss:[1.6050]]
Epoch:[0]===Step:[101/400]===Time:[73.23]===Learning Rate:0.0001
Train_loss:[1.6044]]
Epoch:[0]===Step:[102/400]===Time:[73.76]===Learning Rate:0.0001
Train_loss:[1.6029]]
Epoch:[0]===Step:[103/400]===Time:[74.31]===Learning Rate:0.0001
Train_loss:[1.6059]]
Epoch:[0]===Step:[104/400]===Time:[74.84]===Learning Rate:0.0001
Train_loss:[1.6021]]
Epoch:[0]===Step:[105/400]===Time:[75.37]===Learning Rate:0.0001
Train_loss:[1.6021]]
Epoch:[0]===Step:[106/400]===Time:[75.91]===Learning Rate:0.0001
Train_loss:[1.6044]]
Epoch:[0]===Step:[107/400]===Time:[76.44]===Learning Rate:0.0001
Train_loss:[1.6009]]
Epoch:[0]===Step:[108/400]===Time:[76.98]===Learning Rate:0.0001
Train_loss:[1.5978]]
Epoch:[0]===Step:[109/400]===Time:[77.52]===Learning Rate:0.0001
Train_loss:[1.5984]]
Epoch:[0]===Step:[110/400]===Time:[78.06]===Learning Rate:0.0001
Train_loss:[1.5973]]
Epoch:[0]===Step:[111/400]===Time:[78.60]===Learning Rate:0.0001
Train_loss:[1.6010]]
Epoch:[0]===Step:[112/400]===Time:[79.14]===Learning Rate:0.0001
Train_loss:[1.5979]]
Epoch:[0]===Step:[113/400]===Time:[79.68]===Learning Rate:0.0001
Train_loss:[1.5964]]
Epoch:[0]===Step:[114/400]===Time:[80.22]===Learning Rate:0.0001
Train_loss:[1.5996]]
Epoch:[0]===Step:[115/400]===Time:[80.77]===Learning Rate:0.0001
Train_loss:[1.5955]]
Epoch:[0]===Step:[116/400]===Time:[81.31]===Learning Rate:0.0001
Train_loss:[1.5955]]
Epoch:[0]===Step:[117/400]===Time:[81.86]===Learning Rate:0.0001
Train_loss:[1.5963]]
Epoch:[0]===Step:[118/400]===Time:[82.41]===Learning Rate:0.0001
Train_loss:[1.5951]]
Epoch:[0]===Step:[119/400]===Time:[82.94]===Learning Rate:0.0001
Train_loss:[1.5933]]
Epoch:[0]===Step:[120/400]===Time:[83.49]===Learning Rate:0.0001
Train_loss:[1.5900]]
0
1
2
3
4
5
6
7
8
9
10
11
12
13
14
15
Epoch:[0]===Step:[121/400]===Time:[92.80]===Learning Rate:0.0001
Train_loss:[1.5902]]
Epoch:[0]===Step:[122/400]===Time:[93.34]===Learning Rate:0.0001
Train_loss:[1.5905]]
Epoch:[0]===Step:[123/400]===Time:[93.88]===Learning Rate:0.0001
Train_loss:[1.5856]]
Epoch:[0]===Step:[124/400]===Time:[94.41]===Learning Rate:0.0001
Train_loss:[1.5886]]
Epoch:[0]===Step:[125/400]===Time:[94.93]===Learning Rate:0.0001
Train_loss:[1.5838]]
Epoch:[0]===Step:[126/400]===Time:[95.46]===Learning Rate:0.0001
Train_loss:[1.5847]]
Epoch:[0]===Step:[127/400]===Time:[96.00]===Learning Rate:0.0001
Train_loss:[1.5860]]
Epoch:[0]===Step:[128/400]===Time:[96.53]===Learning Rate:0.0001
Train_loss:[1.5811]]
Epoch:[0]===Step:[129/400]===Time:[97.07]===Learning Rate:0.0001
Train_loss:[1.5868]]
Epoch:[0]===Step:[130/400]===Time:[97.60]===Learning Rate:0.0001
Train_loss:[1.5830]]
Epoch:[0]===Step:[131/400]===Time:[98.13]===Learning Rate:0.0001
Train_loss:[1.5814]]
Epoch:[0]===Step:[132/400]===Time:[98.66]===Learning Rate:0.0001
Train_loss:[1.5831]]
Epoch:[0]===Step:[133/400]===Time:[99.19]===Learning Rate:0.0001
Train_loss:[1.5810]]
Epoch:[0]===Step:[134/400]===Time:[99.72]===Learning Rate:0.0001
Train_loss:[1.5836]]
Epoch:[0]===Step:[135/400]===Time:[100.25]===Learning Rate:0.0001
Train_loss:[1.5816]]
Epoch:[0]===Step:[136/400]===Time:[100.79]===Learning Rate:0.0001
Train_loss:[1.5843]]
Epoch:[0]===Step:[137/400]===Time:[101.32]===Learning Rate:0.0001
Train_loss:[1.5818]]
Epoch:[0]===Step:[138/400]===Time:[101.86]===Learning Rate:0.0001
Train_loss:[1.5802]]
Epoch:[0]===Step:[139/400]===Time:[102.40]===Learning Rate:0.0001
Train_loss:[1.5804]]
Epoch:[0]===Step:[140/400]===Time:[102.92]===Learning Rate:0.0001
Train_loss:[1.5784]]
Epoch:[0]===Step:[141/400]===Time:[103.46]===Learning Rate:0.0001
Train_loss:[1.5765]]
Epoch:[0]===Step:[142/400]===Time:[103.99]===Learning Rate:0.0001
Train_loss:[1.5745]]
Epoch:[0]===Step:[143/400]===Time:[104.52]===Learning Rate:0.0001
Train_loss:[1.5795]]
Epoch:[0]===Step:[144/400]===Time:[105.06]===Learning Rate:0.0001
Train_loss:[1.5726]]
Epoch:[0]===Step:[145/400]===Time:[105.59]===Learning Rate:0.0001
Train_loss:[1.5762]]
Epoch:[0]===Step:[146/400]===Time:[106.12]===Learning Rate:0.0001
Train_loss:[1.5728]]
Epoch:[0]===Step:[147/400]===Time:[106.66]===Learning Rate:0.0001
Train_loss:[1.5760]]
Epoch:[0]===Step:[148/400]===Time:[107.19]===Learning Rate:0.0001
Train_loss:[1.5735]]
Epoch:[0]===Step:[149/400]===Time:[107.72]===Learning Rate:0.0001
Train_loss:[1.5739]]
Epoch:[0]===Step:[150/400]===Time:[108.26]===Learning Rate:0.0001
Train_loss:[1.5689]]
Epoch:[0]===Step:[151/400]===Time:[108.80]===Learning Rate:0.0001
Train_loss:[1.5705]]
Epoch:[0]===Step:[152/400]===Time:[109.34]===Learning Rate:0.0001
Train_loss:[1.5700]]
Epoch:[0]===Step:[153/400]===Time:[109.88]===Learning Rate:0.0001
Train_loss:[1.5658]]
Epoch:[0]===Step:[154/400]===Time:[110.42]===Learning Rate:0.0001
Train_loss:[1.5708]]
Epoch:[0]===Step:[155/400]===Time:[110.95]===Learning Rate:0.0001
Train_loss:[1.5710]]
Epoch:[0]===Step:[156/400]===Time:[111.50]===Learning Rate:0.0001
Train_loss:[1.5684]]
Epoch:[0]===Step:[157/400]===Time:[112.04]===Learning Rate:0.0001
Train_loss:[1.5632]]
Epoch:[0]===Step:[158/400]===Time:[112.59]===Learning Rate:0.0001
Train_loss:[1.5675]]
Epoch:[0]===Step:[159/400]===Time:[113.12]===Learning Rate:0.0001
Train_loss:[1.5660]]
Epoch:[0]===Step:[160/400]===Time:[113.66]===Learning Rate:0.0001
Train_loss:[1.5679]]
Epoch:[0]===Step:[161/400]===Time:[114.19]===Learning Rate:0.0001
Train_loss:[1.5612]]
Epoch:[0]===Step:[162/400]===Time:[114.74]===Learning Rate:0.0001
Train_loss:[1.5663]]
Epoch:[0]===Step:[163/400]===Time:[115.28]===Learning Rate:0.0001
Train_loss:[1.5620]]
Epoch:[0]===Step:[164/400]===Time:[115.82]===Learning Rate:0.0001
Train_loss:[1.5618]]
Epoch:[0]===Step:[165/400]===Time:[116.36]===Learning Rate:0.0001
Train_loss:[1.5591]]
Epoch:[0]===Step:[166/400]===Time:[116.89]===Learning Rate:0.0001
Train_loss:[1.5582]]
Epoch:[0]===Step:[167/400]===Time:[117.44]===Learning Rate:0.0001
Train_loss:[1.5608]]
Epoch:[0]===Step:[168/400]===Time:[117.98]===Learning Rate:0.0001
Train_loss:[1.5550]]
Epoch:[0]===Step:[169/400]===Time:[118.53]===Learning Rate:0.0001
Train_loss:[1.5588]]
Epoch:[0]===Step:[170/400]===Time:[119.08]===Learning Rate:0.0001
Train_loss:[1.5541]]
Epoch:[0]===Step:[171/400]===Time:[119.62]===Learning Rate:0.0001
Train_loss:[1.5543]]
Epoch:[0]===Step:[172/400]===Time:[120.17]===Learning Rate:0.0001
Train_loss:[1.5536]]
Epoch:[0]===Step:[173/400]===Time:[120.71]===Learning Rate:0.0001
Train_loss:[1.5576]]
Epoch:[0]===Step:[174/400]===Time:[121.26]===Learning Rate:0.0001
Train_loss:[1.5562]]
Epoch:[0]===Step:[175/400]===Time:[121.81]===Learning Rate:0.0001
Train_loss:[1.5567]]
Epoch:[0]===Step:[176/400]===Time:[122.36]===Learning Rate:0.0001
Train_loss:[1.5566]]
Epoch:[0]===Step:[177/400]===Time:[122.91]===Learning Rate:0.0001
Train_loss:[1.5549]]
Epoch:[0]===Step:[178/400]===Time:[123.45]===Learning Rate:0.0001
Train_loss:[1.5526]]
Epoch:[0]===Step:[179/400]===Time:[124.00]===Learning Rate:0.0001
Train_loss:[1.5538]]
Epoch:[0]===Step:[180/400]===Time:[124.55]===Learning Rate:0.0001
Train_loss:[1.5477]]
Epoch:[0]===Step:[181/400]===Time:[125.10]===Learning Rate:0.0001
Train_loss:[1.5473]]
Epoch:[0]===Step:[182/400]===Time:[125.64]===Learning Rate:0.0001
Train_loss:[1.5457]]
Epoch:[0]===Step:[183/400]===Time:[126.19]===Learning Rate:0.0001
Train_loss:[1.5498]]
Epoch:[0]===Step:[184/400]===Time:[126.74]===Learning Rate:0.0001
Train_loss:[1.5447]]
Epoch:[0]===Step:[185/400]===Time:[127.28]===Learning Rate:0.0001
Train_loss:[1.5463]]
Epoch:[0]===Step:[186/400]===Time:[127.82]===Learning Rate:0.0001
Train_loss:[1.5465]]
Epoch:[0]===Step:[187/400]===Time:[128.38]===Learning Rate:0.0001
Train_loss:[1.5480]]
Epoch:[0]===Step:[188/400]===Time:[128.93]===Learning Rate:0.0001
Train_loss:[1.5456]]
Epoch:[0]===Step:[189/400]===Time:[129.47]===Learning Rate:0.0001
Train_loss:[1.5454]]
Epoch:[0]===Step:[190/400]===Time:[130.03]===Learning Rate:0.0001
Train_loss:[1.5436]]
Epoch:[0]===Step:[191/400]===Time:[130.57]===Learning Rate:0.0001
Train_loss:[1.5429]]
Epoch:[0]===Step:[192/400]===Time:[131.11]===Learning Rate:0.0001
Train_loss:[1.5425]]
Epoch:[0]===Step:[193/400]===Time:[131.66]===Learning Rate:0.0001
Train_loss:[1.5449]]
Epoch:[0]===Step:[194/400]===Time:[132.21]===Learning Rate:0.0001
Train_loss:[1.5381]]
Epoch:[0]===Step:[195/400]===Time:[132.76]===Learning Rate:0.0001
Train_loss:[1.5412]]
Epoch:[0]===Step:[196/400]===Time:[133.31]===Learning Rate:0.0001
Train_loss:[1.5416]]
Epoch:[0]===Step:[197/400]===Time:[133.85]===Learning Rate:0.0001
Train_loss:[1.5387]]
Epoch:[0]===Step:[198/400]===Time:[134.39]===Learning Rate:0.0001
Train_loss:[1.5406]]
Epoch:[0]===Step:[199/400]===Time:[134.95]===Learning Rate:0.0001
Train_loss:[1.5408]]
Epoch:[0]===Step:[200/400]===Time:[135.49]===Learning Rate:0.0001
Train_loss:[1.5369]]
Epoch:[0]===Step:[201/400]===Time:[136.04]===Learning Rate:0.0001
Train_loss:[1.5342]]
Epoch:[0]===Step:[202/400]===Time:[136.59]===Learning Rate:0.0001
Train_loss:[1.5338]]
Epoch:[0]===Step:[203/400]===Time:[137.13]===Learning Rate:0.0001
Train_loss:[1.5314]]
Epoch:[0]===Step:[204/400]===Time:[137.68]===Learning Rate:0.0001
Train_loss:[1.5360]]
Epoch:[0]===Step:[205/400]===Time:[138.26]===Learning Rate:0.0001
Train_loss:[1.5315]]
Epoch:[0]===Step:[206/400]===Time:[138.81]===Learning Rate:0.0001
Train_loss:[1.5292]]
Epoch:[0]===Step:[207/400]===Time:[139.35]===Learning Rate:0.0001
Train_loss:[1.5333]]
Epoch:[0]===Step:[208/400]===Time:[139.91]===Learning Rate:0.0001
Train_loss:[1.5297]]
Epoch:[0]===Step:[209/400]===Time:[140.46]===Learning Rate:0.0001
Train_loss:[1.5306]]
Epoch:[0]===Step:[210/400]===Time:[141.01]===Learning Rate:0.0001
Train_loss:[1.5249]]
Epoch:[0]===Step:[211/400]===Time:[141.56]===Learning Rate:0.0001
Train_loss:[1.5279]]
Epoch:[0]===Step:[212/400]===Time:[142.12]===Learning Rate:0.0001
Train_loss:[1.5235]]
Epoch:[0]===Step:[213/400]===Time:[142.65]===Learning Rate:0.0001
Train_loss:[1.5231]]
Epoch:[0]===Step:[214/400]===Time:[143.21]===Learning Rate:0.0001
Train_loss:[1.5241]]
Epoch:[0]===Step:[215/400]===Time:[143.76]===Learning Rate:0.0001
Train_loss:[1.5229]]
Epoch:[0]===Step:[216/400]===Time:[144.32]===Learning Rate:0.0001
Train_loss:[1.5240]]
Epoch:[0]===Step:[217/400]===Time:[144.87]===Learning Rate:0.0001
Train_loss:[1.5213]]
Epoch:[0]===Step:[218/400]===Time:[145.42]===Learning Rate:0.0001
Train_loss:[1.5212]]
Epoch:[0]===Step:[219/400]===Time:[145.98]===Learning Rate:0.0001
Train_loss:[1.5205]]
Epoch:[0]===Step:[220/400]===Time:[146.53]===Learning Rate:0.0001
Train_loss:[1.5241]]
Epoch:[0]===Step:[221/400]===Time:[147.08]===Learning Rate:0.0001
Train_loss:[1.5235]]
Epoch:[0]===Step:[222/400]===Time:[147.64]===Learning Rate:0.0001
Train_loss:[1.5187]]
Epoch:[0]===Step:[223/400]===Time:[148.18]===Learning Rate:0.0001
Train_loss:[1.5208]]
Epoch:[0]===Step:[224/400]===Time:[148.73]===Learning Rate:0.0001
Train_loss:[1.5198]]
Epoch:[0]===Step:[225/400]===Time:[149.29]===Learning Rate:0.0001
Train_loss:[1.5181]]
Epoch:[0]===Step:[226/400]===Time:[149.82]===Learning Rate:0.0001
Train_loss:[1.5155]]
Epoch:[0]===Step:[227/400]===Time:[150.38]===Learning Rate:0.0001
Train_loss:[1.5136]]
Epoch:[0]===Step:[228/400]===Time:[150.94]===Learning Rate:0.0001
Train_loss:[1.5157]]
Epoch:[0]===Step:[229/400]===Time:[151.48]===Learning Rate:0.0001
Train_loss:[1.5174]]
Epoch:[0]===Step:[230/400]===Time:[152.04]===Learning Rate:0.0001
Train_loss:[1.5152]]
Epoch:[0]===Step:[231/400]===Time:[152.60]===Learning Rate:0.0001
Train_loss:[1.5169]]
Epoch:[0]===Step:[232/400]===Time:[153.15]===Learning Rate:0.0001
Train_loss:[1.5157]]
Epoch:[0]===Step:[233/400]===Time:[153.70]===Learning Rate:0.0001
Train_loss:[1.5123]]
Epoch:[0]===Step:[234/400]===Time:[154.27]===Learning Rate:0.0001
Train_loss:[1.5104]]
Epoch:[0]===Step:[235/400]===Time:[154.81]===Learning Rate:0.0001
Train_loss:[1.5113]]
Epoch:[0]===Step:[236/400]===Time:[155.35]===Learning Rate:0.0001
Train_loss:[1.5059]]
Epoch:[0]===Step:[237/400]===Time:[155.92]===Learning Rate:0.0001
Train_loss:[1.5097]]
Epoch:[0]===Step:[238/400]===Time:[156.48]===Learning Rate:0.0001
Train_loss:[1.5082]]
Epoch:[0]===Step:[239/400]===Time:[157.03]===Learning Rate:0.0001
Train_loss:[1.5077]]
Epoch:[0]===Step:[240/400]===Time:[157.59]===Learning Rate:0.0001
Train_loss:[1.5082]]
0
1
2
3
4
5
6
7
8
9
10
11
12
13
14
15
Epoch:[0]===Step:[241/400]===Time:[167.05]===Learning Rate:0.0001
Train_loss:[1.5062]]
Epoch:[0]===Step:[242/400]===Time:[167.62]===Learning Rate:0.0001
Train_loss:[1.5040]]
Epoch:[0]===Step:[243/400]===Time:[168.15]===Learning Rate:0.0001
Train_loss:[1.5031]]
Epoch:[0]===Step:[244/400]===Time:[168.68]===Learning Rate:0.0001
Train_loss:[1.5038]]
Epoch:[0]===Step:[245/400]===Time:[169.22]===Learning Rate:0.0001
Train_loss:[1.5017]]
Epoch:[0]===Step:[246/400]===Time:[169.75]===Learning Rate:0.0001
Train_loss:[1.4969]]
Epoch:[0]===Step:[247/400]===Time:[170.28]===Learning Rate:0.0001
Train_loss:[1.5005]]
Epoch:[0]===Step:[248/400]===Time:[170.81]===Learning Rate:0.0001
Train_loss:[1.4995]]
Epoch:[0]===Step:[249/400]===Time:[171.35]===Learning Rate:0.0001
Train_loss:[1.4972]]
Epoch:[0]===Step:[250/400]===Time:[171.89]===Learning Rate:0.0001
Train_loss:[1.4975]]
Epoch:[0]===Step:[251/400]===Time:[172.42]===Learning Rate:0.0001
Train_loss:[1.4963]]
Epoch:[0]===Step:[252/400]===Time:[172.95]===Learning Rate:0.0001
Train_loss:[1.4971]]
Epoch:[0]===Step:[253/400]===Time:[173.49]===Learning Rate:0.0001
Train_loss:[1.4946]]
Epoch:[0]===Step:[254/400]===Time:[174.04]===Learning Rate:0.0001
Train_loss:[1.4965]]
Epoch:[0]===Step:[255/400]===Time:[174.56]===Learning Rate:0.0001
Train_loss:[1.4963]]
Epoch:[0]===Step:[256/400]===Time:[175.10]===Learning Rate:0.0001
Train_loss:[1.4975]]
Epoch:[0]===Step:[257/400]===Time:[175.65]===Learning Rate:0.0001
Train_loss:[1.4928]]
Epoch:[0]===Step:[258/400]===Time:[176.18]===Learning Rate:0.0001
Train_loss:[1.4920]]
Epoch:[0]===Step:[259/400]===Time:[176.72]===Learning Rate:0.0001
Train_loss:[1.4929]]
Epoch:[0]===Step:[260/400]===Time:[177.26]===Learning Rate:0.0001
Train_loss:[1.4899]]
Epoch:[0]===Step:[261/400]===Time:[177.81]===Learning Rate:0.0001
Train_loss:[1.4913]]
Epoch:[0]===Step:[262/400]===Time:[178.35]===Learning Rate:0.0001
Train_loss:[1.4887]]
Epoch:[0]===Step:[263/400]===Time:[178.88]===Learning Rate:0.0001
Train_loss:[1.4878]]
Epoch:[0]===Step:[264/400]===Time:[179.42]===Learning Rate:0.0001
Train_loss:[1.4914]]
Epoch:[0]===Step:[265/400]===Time:[179.96]===Learning Rate:0.0001
Train_loss:[1.4873]]
Epoch:[0]===Step:[266/400]===Time:[180.51]===Learning Rate:0.0001
Train_loss:[1.4865]]
Epoch:[0]===Step:[267/400]===Time:[181.05]===Learning Rate:0.0001
Train_loss:[1.4822]]
Epoch:[0]===Step:[268/400]===Time:[181.60]===Learning Rate:0.0001
Train_loss:[1.4868]]
Epoch:[0]===Step:[269/400]===Time:[182.15]===Learning Rate:0.0001
Train_loss:[1.4858]]
Epoch:[0]===Step:[270/400]===Time:[182.69]===Learning Rate:0.0001
Train_loss:[1.4826]]
Epoch:[0]===Step:[271/400]===Time:[183.23]===Learning Rate:0.0001
Train_loss:[1.4831]]
Epoch:[0]===Step:[272/400]===Time:[183.78]===Learning Rate:0.0001
Train_loss:[1.4804]]
Epoch:[0]===Step:[273/400]===Time:[184.33]===Learning Rate:0.0001
Train_loss:[1.4793]]
Epoch:[0]===Step:[274/400]===Time:[184.87]===Learning Rate:0.0001
Train_loss:[1.4794]]
Epoch:[0]===Step:[275/400]===Time:[185.42]===Learning Rate:0.0001
Train_loss:[1.4800]]
Epoch:[0]===Step:[276/400]===Time:[185.96]===Learning Rate:0.0001
Train_loss:[1.4765]]
Epoch:[0]===Step:[277/400]===Time:[186.50]===Learning Rate:0.0001
Train_loss:[1.4784]]
Epoch:[0]===Step:[278/400]===Time:[187.05]===Learning Rate:0.0001
Train_loss:[1.4760]]
Epoch:[0]===Step:[279/400]===Time:[187.60]===Learning Rate:0.0001
Train_loss:[1.4761]]
Epoch:[0]===Step:[280/400]===Time:[188.14]===Learning Rate:0.0001
Train_loss:[1.4769]]
Epoch:[0]===Step:[281/400]===Time:[188.69]===Learning Rate:0.0001
Train_loss:[1.4721]]
Epoch:[0]===Step:[282/400]===Time:[189.24]===Learning Rate:0.0001
Train_loss:[1.4745]]
Epoch:[0]===Step:[283/400]===Time:[189.78]===Learning Rate:0.0001
Train_loss:[1.4740]]
Epoch:[0]===Step:[284/400]===Time:[190.33]===Learning Rate:0.0001
Train_loss:[1.4743]]
Epoch:[0]===Step:[285/400]===Time:[190.88]===Learning Rate:0.0001
Train_loss:[1.4738]]
Epoch:[0]===Step:[286/400]===Time:[191.42]===Learning Rate:0.0001
Train_loss:[1.4714]]
Epoch:[0]===Step:[287/400]===Time:[191.97]===Learning Rate:0.0001
Train_loss:[1.4698]]
Epoch:[0]===Step:[288/400]===Time:[192.52]===Learning Rate:0.0001
Train_loss:[1.4712]]
Epoch:[0]===Step:[289/400]===Time:[193.08]===Learning Rate:0.0001
Train_loss:[1.4666]]
Epoch:[0]===Step:[290/400]===Time:[193.62]===Learning Rate:0.0001
Train_loss:[1.4657]]
Epoch:[0]===Step:[291/400]===Time:[194.17]===Learning Rate:0.0001
Train_loss:[1.4659]]
Epoch:[0]===Step:[292/400]===Time:[194.73]===Learning Rate:0.0001
Train_loss:[1.4702]]
Epoch:[0]===Step:[293/400]===Time:[195.27]===Learning Rate:0.0001
Train_loss:[1.4612]]
Epoch:[0]===Step:[294/400]===Time:[195.82]===Learning Rate:0.0001
Train_loss:[1.4679]]
Epoch:[0]===Step:[295/400]===Time:[196.37]===Learning Rate:0.0001
Train_loss:[1.4626]]
Epoch:[0]===Step:[296/400]===Time:[196.91]===Learning Rate:0.0001
Train_loss:[1.4615]]
Epoch:[0]===Step:[297/400]===Time:[197.47]===Learning Rate:0.0001
Train_loss:[1.4594]]
Epoch:[0]===Step:[298/400]===Time:[198.02]===Learning Rate:0.0001
Train_loss:[1.4612]]
Epoch:[0]===Step:[299/400]===Time:[198.58]===Learning Rate:0.0001
Train_loss:[1.4594]]
Epoch:[0]===Step:[300/400]===Time:[199.13]===Learning Rate:0.0001
Train_loss:[1.4591]]
Epoch:[0]===Step:[301/400]===Time:[199.69]===Learning Rate:0.0001
Train_loss:[1.4581]]
Epoch:[0]===Step:[302/400]===Time:[200.25]===Learning Rate:0.0001
Train_loss:[1.4578]]
Epoch:[0]===Step:[303/400]===Time:[200.80]===Learning Rate:0.0001
Train_loss:[1.4572]]
Epoch:[0]===Step:[304/400]===Time:[201.37]===Learning Rate:0.0001
Train_loss:[1.4577]]
Epoch:[0]===Step:[305/400]===Time:[201.94]===Learning Rate:0.0001
Train_loss:[1.4533]]
Epoch:[0]===Step:[306/400]===Time:[202.48]===Learning Rate:0.0001
Train_loss:[1.4595]]
Epoch:[0]===Step:[307/400]===Time:[203.02]===Learning Rate:0.0001
Train_loss:[1.4525]]
Epoch:[0]===Step:[308/400]===Time:[203.58]===Learning Rate:0.0001
Train_loss:[1.4534]]
Epoch:[0]===Step:[309/400]===Time:[204.14]===Learning Rate:0.0001
Train_loss:[1.4496]]
Epoch:[0]===Step:[310/400]===Time:[204.69]===Learning Rate:0.0001
Train_loss:[1.4545]]
Epoch:[0]===Step:[311/400]===Time:[205.24]===Learning Rate:0.0001
Train_loss:[1.4519]]
Epoch:[0]===Step:[312/400]===Time:[205.80]===Learning Rate:0.0001
Train_loss:[1.4487]]
Epoch:[0]===Step:[313/400]===Time:[206.35]===Learning Rate:0.0001
Train_loss:[1.4523]]
Epoch:[0]===Step:[314/400]===Time:[206.90]===Learning Rate:0.0001
Train_loss:[1.4459]]
Epoch:[0]===Step:[315/400]===Time:[207.46]===Learning Rate:0.0001
Train_loss:[1.4477]]
Epoch:[0]===Step:[316/400]===Time:[208.01]===Learning Rate:0.0001
Train_loss:[1.4482]]
Epoch:[0]===Step:[317/400]===Time:[208.56]===Learning Rate:0.0001
Train_loss:[1.4458]]
Epoch:[0]===Step:[318/400]===Time:[209.12]===Learning Rate:0.0001
Train_loss:[1.4452]]
Epoch:[0]===Step:[319/400]===Time:[209.72]===Learning Rate:0.0001
Train_loss:[1.4438]]
Epoch:[0]===Step:[320/400]===Time:[210.27]===Learning Rate:0.0001
Train_loss:[1.4424]]
Epoch:[0]===Step:[321/400]===Time:[210.82]===Learning Rate:0.0001
Train_loss:[1.4403]]
Epoch:[0]===Step:[322/400]===Time:[211.37]===Learning Rate:0.0001
Train_loss:[1.4409]]
Epoch:[0]===Step:[323/400]===Time:[211.93]===Learning Rate:0.0001
Train_loss:[1.4440]]
Epoch:[0]===Step:[324/400]===Time:[212.48]===Learning Rate:0.0001
Train_loss:[1.4400]]
Epoch:[0]===Step:[325/400]===Time:[213.04]===Learning Rate:0.0001
Train_loss:[1.4349]]
Epoch:[0]===Step:[326/400]===Time:[213.59]===Learning Rate:0.0001
Train_loss:[1.4351]]
Epoch:[0]===Step:[327/400]===Time:[214.13]===Learning Rate:0.0001
Train_loss:[1.4392]]
Epoch:[0]===Step:[328/400]===Time:[214.69]===Learning Rate:0.0001
Train_loss:[1.4339]]
Epoch:[0]===Step:[329/400]===Time:[215.25]===Learning Rate:0.0001
Train_loss:[1.4349]]
Epoch:[0]===Step:[330/400]===Time:[215.80]===Learning Rate:0.0001
Train_loss:[1.4385]]
Epoch:[0]===Step:[331/400]===Time:[216.36]===Learning Rate:0.0001
Train_loss:[1.4332]]
Epoch:[0]===Step:[332/400]===Time:[216.92]===Learning Rate:0.0001
Train_loss:[1.4346]]
Epoch:[0]===Step:[333/400]===Time:[217.48]===Learning Rate:0.0001
Train_loss:[1.4360]]
Epoch:[0]===Step:[334/400]===Time:[218.02]===Learning Rate:0.0001
Train_loss:[1.4335]]
Epoch:[0]===Step:[335/400]===Time:[218.57]===Learning Rate:0.0001
Train_loss:[1.4312]]
Epoch:[0]===Step:[336/400]===Time:[219.13]===Learning Rate:0.0001
Train_loss:[1.4336]]
Epoch:[0]===Step:[337/400]===Time:[219.68]===Learning Rate:0.0001
Train_loss:[1.4321]]
Epoch:[0]===Step:[338/400]===Time:[220.24]===Learning Rate:0.0001
Train_loss:[1.4278]]
Epoch:[0]===Step:[339/400]===Time:[220.80]===Learning Rate:0.0001
Train_loss:[1.4292]]
Epoch:[0]===Step:[340/400]===Time:[221.36]===Learning Rate:0.0001
Train_loss:[1.4286]]
Epoch:[0]===Step:[341/400]===Time:[221.92]===Learning Rate:0.0001
Train_loss:[1.4241]]
Epoch:[0]===Step:[342/400]===Time:[222.48]===Learning Rate:0.0001
Train_loss:[1.4240]]
Epoch:[0]===Step:[343/400]===Time:[223.03]===Learning Rate:0.0001
Train_loss:[1.4238]]
Epoch:[0]===Step:[344/400]===Time:[223.59]===Learning Rate:0.0001
Train_loss:[1.4235]]
Epoch:[0]===Step:[345/400]===Time:[224.15]===Learning Rate:0.0001
Train_loss:[1.4250]]
Epoch:[0]===Step:[346/400]===Time:[224.71]===Learning Rate:0.0001
Train_loss:[1.4228]]
Epoch:[0]===Step:[347/400]===Time:[225.27]===Learning Rate:0.0001
Train_loss:[1.4201]]
Epoch:[0]===Step:[348/400]===Time:[225.82]===Learning Rate:0.0001
Train_loss:[1.4182]]
Epoch:[0]===Step:[349/400]===Time:[226.38]===Learning Rate:0.0001
Train_loss:[1.4184]]
Epoch:[0]===Step:[350/400]===Time:[226.93]===Learning Rate:0.0001
Train_loss:[1.4190]]
Epoch:[0]===Step:[351/400]===Time:[227.49]===Learning Rate:0.0001
Train_loss:[1.4151]]
Epoch:[0]===Step:[352/400]===Time:[228.05]===Learning Rate:0.0001
Train_loss:[1.4154]]
Epoch:[0]===Step:[353/400]===Time:[228.61]===Learning Rate:0.0001
Train_loss:[1.4141]]
Epoch:[0]===Step:[354/400]===Time:[229.17]===Learning Rate:0.0001
Train_loss:[1.4163]]
Epoch:[0]===Step:[355/400]===Time:[229.72]===Learning Rate:0.0001
Train_loss:[1.4095]]
Epoch:[0]===Step:[356/400]===Time:[230.28]===Learning Rate:0.0001
Train_loss:[1.4192]]
Epoch:[0]===Step:[357/400]===Time:[230.84]===Learning Rate:0.0001
Train_loss:[1.4148]]
Epoch:[0]===Step:[358/400]===Time:[231.40]===Learning Rate:0.0001
Train_loss:[1.4144]]
Epoch:[0]===Step:[359/400]===Time:[231.94]===Learning Rate:0.0001
Train_loss:[1.4152]]
Epoch:[0]===Step:[360/400]===Time:[232.50]===Learning Rate:0.0001
Train_loss:[1.4139]]
0
1
2
3
4
5
6
7
8
9
10
11
12
13
14
15
Epoch:[0]===Step:[361/400]===Time:[241.42]===Learning Rate:0.0001
Train_loss:[1.4127]]
Epoch:[0]===Step:[362/400]===Time:[241.98]===Learning Rate:0.0001
Train_loss:[1.4078]]
Epoch:[0]===Step:[363/400]===Time:[242.51]===Learning Rate:0.0001
Train_loss:[1.4085]]
Epoch:[0]===Step:[364/400]===Time:[243.04]===Learning Rate:0.0001
Train_loss:[1.4101]]
Epoch:[0]===Step:[365/400]===Time:[243.58]===Learning Rate:0.0001
Train_loss:[1.4100]]
Epoch:[0]===Step:[366/400]===Time:[244.12]===Learning Rate:0.0001
Train_loss:[1.4098]]
Epoch:[0]===Step:[367/400]===Time:[244.64]===Learning Rate:0.0001
Train_loss:[1.4088]]
Epoch:[0]===Step:[368/400]===Time:[245.19]===Learning Rate:0.0001
Train_loss:[1.4084]]
Epoch:[0]===Step:[369/400]===Time:[245.73]===Learning Rate:0.0001
Train_loss:[1.4020]]
Epoch:[0]===Step:[370/400]===Time:[246.27]===Learning Rate:0.0001
Train_loss:[1.4064]]
Epoch:[0]===Step:[371/400]===Time:[246.81]===Learning Rate:0.0001
Train_loss:[1.3994]]
Epoch:[0]===Step:[372/400]===Time:[247.34]===Learning Rate:0.0001
Train_loss:[1.4021]]
Epoch:[0]===Step:[373/400]===Time:[247.88]===Learning Rate:0.0001
Train_loss:[1.4032]]
Epoch:[0]===Step:[374/400]===Time:[248.43]===Learning Rate:0.0001
Train_loss:[1.4030]]
Epoch:[0]===Step:[375/400]===Time:[248.98]===Learning Rate:0.0001
Train_loss:[1.4009]]
Epoch:[0]===Step:[376/400]===Time:[249.52]===Learning Rate:0.0001
Train_loss:[1.4038]]
Epoch:[0]===Step:[377/400]===Time:[250.07]===Learning Rate:0.0001
Train_loss:[1.3983]]
Epoch:[0]===Step:[378/400]===Time:[250.61]===Learning Rate:0.0001
Train_loss:[1.4008]]
Epoch:[0]===Step:[379/400]===Time:[251.16]===Learning Rate:0.0001
Train_loss:[1.3953]]
Epoch:[0]===Step:[380/400]===Time:[251.70]===Learning Rate:0.0001
Train_loss:[1.3961]]
Epoch:[0]===Step:[381/400]===Time:[252.25]===Learning Rate:0.0001
Train_loss:[1.3903]]
Epoch:[0]===Step:[382/400]===Time:[252.80]===Learning Rate:0.0001
Train_loss:[1.3944]]
Epoch:[0]===Step:[383/400]===Time:[253.34]===Learning Rate:0.0001
Train_loss:[1.3947]]
Epoch:[0]===Step:[384/400]===Time:[253.89]===Learning Rate:0.0001
Train_loss:[1.3931]]
Epoch:[0]===Step:[385/400]===Time:[254.44]===Learning Rate:0.0001
Train_loss:[1.3940]]
Epoch:[0]===Step:[386/400]===Time:[254.98]===Learning Rate:0.0001
Train_loss:[1.3889]]
Epoch:[0]===Step:[387/400]===Time:[255.53]===Learning Rate:0.0001
Train_loss:[1.3961]]
Epoch:[0]===Step:[388/400]===Time:[256.09]===Learning Rate:0.0001
Train_loss:[1.3904]]
Epoch:[0]===Step:[389/400]===Time:[256.62]===Learning Rate:0.0001
Train_loss:[1.3864]]
Epoch:[0]===Step:[390/400]===Time:[257.17]===Learning Rate:0.0001
Train_loss:[1.3896]]
Epoch:[0]===Step:[391/400]===Time:[257.72]===Learning Rate:0.0001
Train_loss:[1.3860]]
Epoch:[0]===Step:[392/400]===Time:[258.26]===Learning Rate:0.0001
Train_loss:[1.3840]]
Epoch:[0]===Step:[393/400]===Time:[258.81]===Learning Rate:0.0001
Train_loss:[1.3830]]
Epoch:[0]===Step:[394/400]===Time:[259.36]===Learning Rate:0.0001
Train_loss:[1.3823]]
Epoch:[0]===Step:[395/400]===Time:[259.90]===Learning Rate:0.0001
Train_loss:[1.3815]]
Epoch:[0]===Step:[396/400]===Time:[260.46]===Learning Rate:0.0001
Train_loss:[1.3855]]
Epoch:[0]===Step:[397/400]===Time:[261.00]===Learning Rate:0.0001
Train_loss:[1.3821]]
Epoch:[0]===Step:[398/400]===Time:[261.55]===Learning Rate:0.0001
Train_loss:[1.3810]]
Epoch:[0]===Step:[399/400]===Time:[262.09]===Learning Rate:0.0001
Train_loss:[1.3838]]
